[23:46:17] [main/INFO] (FabricLoader/GameProvider) Loading Minecraft 1.18.2 with Fabric Loader 0.14.10
[23:46:17] [main/INFO] (FabricLoader) Loading 52 mods:
	- architectury 4.9.84
	- fabric-api 0.59.0+1.18.2
	- fabric-api-base 0.4.4+d7c144a860
	- fabric-api-lookup-api-v1 1.6.2+2373a54560
	- fabric-biome-api-v1 8.0.6+651bcc5960
	- fabric-blockrenderlayer-v1 1.1.12+3ac43d9560
	- fabric-command-api-v1 1.1.9+d7c144a860
	- fabric-commands-v0 0.2.8+b4f4f6cd60
	- fabric-containers-v0 0.1.23+d7c144a860
	- fabric-content-registries-v0 3.1.1+c85f2e3860
	- fabric-convention-tags-v1 1.0.1+474e4f7960
	- fabric-crash-report-info-v1 0.2.1+ee261a3e60
	- fabric-data-generation-api-v1 3.0.1+9fcb91d260
	- fabric-dimensions-v1 2.1.20+489d6f8260
	- fabric-entity-events-v1 1.4.8+d7c144a860
	- fabric-events-interaction-v0 0.4.19+d7c144a860
	- fabric-events-lifecycle-v0 0.2.19+d7c144a860
	- fabric-game-rule-api-v1 1.0.13+d7c144a860
	- fabric-gametest-api-v1 1.0.19+91b7aa6660
	- fabric-item-api-v1 1.5.2+17cbbd4360
	- fabric-item-groups-v0 0.3.14+91896a4960
	- fabric-key-binding-api-v1 1.0.12+54e5b2ec60
	- fabric-keybindings-v0 0.2.10+b4f4f6cd60
	- fabric-lifecycle-events-v1 2.1.0+cc71601c60
	- fabric-loot-api-v2 1.1.0+1997ad1260
	- fabric-loot-tables-v1 1.1.2+e747827960
	- fabric-mining-level-api-v1 2.1.4+cc71601c60
	- fabric-models-v0 0.3.6+d7c144a860
	- fabric-networking-api-v1 1.0.23+2d30af4b60
	- fabric-networking-v0 0.3.10+b4f4f6cd60
	- fabric-object-builder-api-v1 2.1.3+032c981d60
	- fabric-particles-v1 0.2.12+526dc1ac60
	- fabric-registry-sync-v0 0.9.10+0d9ab37260
	- fabric-renderer-api-v1 0.4.13+d882b91560
	- fabric-renderer-indigo 0.5.3+41a02c8a60
	- fabric-renderer-registries-v1 3.2.11+b4f4f6cd60
	- fabric-rendering-data-attachment-v1 0.3.7+d7c144a860
	- fabric-rendering-fluids-v1 2.0.2+54e5b2ec60
	- fabric-rendering-v0 1.1.13+b4f4f6cd60
	- fabric-rendering-v1 1.10.7+54e5b2ec60
	- fabric-resource-conditions-api-v1 2.0.3+91b7aa6660
	- fabric-resource-loader-v0 0.5.2+446e059560
	- fabric-screen-api-v1 1.0.10+d882b91560
	- fabric-screen-handler-api-v1 1.2.2+1f6558e860
	- fabric-textures-v0 1.0.12+3ac43d9560
	- fabric-transfer-api-v1 1.6.3+f4563ac860
	- fabric-transitive-access-wideners-v1 1.1.0+e747827960
	- fabricloader 0.14.10
	- itemalchemy 0.0.1
	- java 17
	- mcpitanlibarch 1.1.0-1.18-fabric
	- minecraft 1.18.2
[23:46:21] [main/INFO] (FabricLoader/Mixin) SpongePowered MIXIN Subsystem Version=0.8.5 Source=file:/C:/Users/ptms76/.gradle/caches/modules-2/files-2.1/net.fabricmc/sponge-mixin/0.11.4+mixin.0.8.5/c1dc27696aa4006e492c2485c9ccbcb26045a971/sponge-mixin-0.11.4+mixin.0.8.5.jar Service=Knot/Fabric Env=CLIENT
[23:46:21] [main/INFO] (FabricLoader/Mixin) Loaded Fabric development mappings for mixin remapper!
[23:46:21] [main/INFO] (FabricLoader/Mixin) Compatibility level set to JAVA_16
[23:46:21] [main/WARN] (FabricLoader/Mixin) Reference map 'mcpitanlibarch-fabric-refmap.json' for mcpitanlibarch.mixins.json could not be read. If this is a development environment you can ignore this message
[23:46:22] [main/WARN] (FileUtil) Configuration conflict: there is more than one oshi.properties file on the classpath
[23:46:23] [main/WARN] (FileUtil) Configuration conflict: there is more than one oshi.architecture.properties file on the classpath
[23:46:31] [Render thread/INFO] (Minecraft) Environment: authHost='https://authserver.mojang.com', accountsHost='https://api.mojang.com', sessionHost='https://sessionserver.mojang.com', servicesHost='https://api.minecraftservices.com', name='PROD'
[23:46:32] [Render thread/ERROR] (Minecraft) Failed to verify authentication
com.mojang.authlib.exceptions.InvalidCredentialsException: Status: 401
	at com.mojang.authlib.exceptions.MinecraftClientHttpException.toAuthenticationException(MinecraftClientHttpException.java:56) ~[authlib-3.3.39.jar:?]
	at com.mojang.authlib.yggdrasil.YggdrasilUserApiService.fetchProperties(YggdrasilUserApiService.java:132) ~[authlib-3.3.39.jar:?]
	at com.mojang.authlib.yggdrasil.YggdrasilUserApiService.<init>(YggdrasilUserApiService.java:44) ~[authlib-3.3.39.jar:?]
	at com.mojang.authlib.yggdrasil.YggdrasilAuthenticationService.createUserApiService(YggdrasilAuthenticationService.java:153) ~[authlib-3.3.39.jar:?]
	at net.minecraft.client.MinecraftClient.createUserApiService(MinecraftClient.java:680) [minecraft-project-@-merged-named.jar:?]
	at net.minecraft.client.MinecraftClient.<init>(MinecraftClient.java:424) [minecraft-project-@-merged-named.jar:?]
	at net.minecraft.client.main.Main.main(Main.java:197) [minecraft-project-@-merged-named.jar:?]
	at net.fabricmc.loader.impl.game.minecraft.MinecraftGameProvider.launch(MinecraftGameProvider.java:461) [fabric-loader-0.14.10.jar:?]
	at net.fabricmc.loader.impl.launch.knot.Knot.launch(Knot.java:74) [fabric-loader-0.14.10.jar:?]
	at net.fabricmc.loader.impl.launch.knot.KnotClient.main(KnotClient.java:23) [fabric-loader-0.14.10.jar:?]
	at net.fabricmc.devlaunchinjector.Main.main(Main.java:86) [dev-launch-injector-0.2.1+build.8.jar:?]
Caused by: com.mojang.authlib.exceptions.MinecraftClientHttpException: Status: 401
	at com.mojang.authlib.minecraft.client.MinecraftClient.readInputStream(MinecraftClient.java:80) ~[authlib-3.3.39.jar:?]
	at com.mojang.authlib.minecraft.client.MinecraftClient.get(MinecraftClient.java:48) ~[authlib-3.3.39.jar:?]
	at com.mojang.authlib.yggdrasil.YggdrasilUserApiService.fetchProperties(YggdrasilUserApiService.java:113) ~[authlib-3.3.39.jar:?]
	... 9 more
[23:46:32] [Render thread/INFO] (Minecraft) Setting user: Player100
[23:46:33] [Render thread/INFO] (Indigo) [Indigo] Registering Indigo renderer!
[23:46:33] [Render thread/INFO] (NetworkManagerImpl) Registering S2C receiver with id architectury:spawn_entity_packet
[23:46:34] [Render thread/INFO] (Minecraft) Backend library: LWJGL version 3.2.2 build 10
[23:46:39] [Render thread/INFO] (Minecraft) Narrator library for x64 successfully loaded
[23:46:39] [Render thread/INFO] (Minecraft) Reloading ResourceManager: Default, Fabric Mods (Fabric Lifecycle Events (v1), Fabric Rendering (v1), Fabric Events Lifecycle (v0), Fabric Loot Tables (v1), Fabric API, Fabric Registry Sync (v0), Fabric Rendering (v0), Fabric Events Interaction (v0), Fabric Rendering Data Attachment (v1), Fabric Key Binding API (v1), Fabric Models (v0), Fabric Textures (v0), Fabric Data Generation API (v1), Fabric Resource Loader (v0), Fabric Commands (v0), Fabric Content Registries (v0), Fabric Biome API (v1), Fabric Screen API (v1), Fabric Entity Events (v1), Fabric Key Bindings (v0), Fabric Convention Tags, Fabric API Base, Fabric Crash Report Info (v1), Fabric Item Groups (v0), Fabric Resource Conditions API (v1), Item Alchemy, Fabric Command API (v1), Fabric Particles (v1), Fabric Renderer API (v1), Fabric Renderer - Indigo, Fabric Transitive Access Wideners (v1), Fabric Loader, Fabric Object Builder API (v1), Fabric Mining Level API (v1), Fabric Loot API (v2), Fabric Rendering Fluids (v1), Fabric Containers (v0), Fabric Renderer Registries (v1), Fabric Dimensions API (v1), Fabric Screen Handler API (v1), Fabric Item API (v1), Fabric Networking API (v1), Fabric Transfer API (v1), Fabric BlockRenderLayer Registration (v1), Fabric Game Rule API (v1), Fabric Networking (v0), Fabric API Lookup API (v1), Fabric Game Test API (v1))
[23:46:40] [Realms Notification Availability checker #1/INFO] (Minecraft) Could not authorize you against Realms server: Invalid session id
[23:46:41] [Worker-Main-15/WARN] (Minecraft) Exception loading blockstate definition: examplemod:blockstates/example_block.json: java.io.FileNotFoundException: examplemod:blockstates/example_block.json
[23:46:41] [Worker-Main-15/WARN] (Minecraft) Exception loading blockstate definition: 'examplemod:blockstates/example_block.json' missing model for variant: 'examplemod:example_block#'
[23:46:41] [Worker-Main-15/WARN] (Minecraft) Exception loading blockstate definition: examplemod:blockstates/example_gui_block.json: java.io.FileNotFoundException: examplemod:blockstates/example_gui_block.json
[23:46:41] [Worker-Main-15/WARN] (Minecraft) Exception loading blockstate definition: 'examplemod:blockstates/example_gui_block.json' missing model for variant: 'examplemod:example_gui_block#'
[23:46:41] [Worker-Main-15/WARN] (Minecraft) Unable to load model: 'examplemod:example_gui_block#inventory' referenced from: examplemod:example_gui_block#inventory: java.io.FileNotFoundException: examplemod:models/item/example_gui_block.json
[23:46:41] [Worker-Main-15/WARN] (Minecraft) Unable to load model: 'examplemod:example_block#inventory' referenced from: examplemod:example_block#inventory: java.io.FileNotFoundException: examplemod:models/item/example_block.json
[23:46:41] [Worker-Main-15/WARN] (Minecraft) Unable to load model: 'examplemod:example_item#inventory' referenced from: examplemod:example_item#inventory: java.io.FileNotFoundException: examplemod:models/item/example_item.json
[23:46:41] [Worker-Main-15/WARN] (Minecraft) Unable to load model: 'examplemod:example_gui_item#inventory' referenced from: examplemod:example_gui_item#inventory: java.io.FileNotFoundException: examplemod:models/item/example_gui_item.json
[23:46:42] [Render thread/INFO] (Minecraft) OpenAL initialized on device OpenAL Soft on EX-LDH221D (NVIDIA High Definition Audio)
[23:46:42] [Render thread/INFO] (Minecraft) Sound engine started
[23:46:43] [Render thread/INFO] (Minecraft) Created: 1024x1024x4 minecraft:textures/atlas/blocks.png-atlas
[23:46:43] [Render thread/INFO] (Minecraft) Created: 256x128x4 minecraft:textures/atlas/signs.png-atlas
[23:46:43] [Render thread/INFO] (Minecraft) Created: 1024x512x4 minecraft:textures/atlas/banner_patterns.png-atlas
[23:46:43] [Render thread/INFO] (Minecraft) Created: 1024x512x4 minecraft:textures/atlas/shield_patterns.png-atlas
[23:46:43] [Render thread/INFO] (Minecraft) Created: 256x256x4 minecraft:textures/atlas/chest.png-atlas
[23:46:43] [Render thread/INFO] (Minecraft) Created: 512x256x4 minecraft:textures/atlas/beds.png-atlas
[23:46:43] [Render thread/INFO] (Minecraft) Created: 512x256x4 minecraft:textures/atlas/shulker_boxes.png-atlas
[23:46:44] [Render thread/INFO] (Minecraft) Created: 256x256x0 minecraft:textures/atlas/particles.png-atlas
[23:46:44] [Render thread/INFO] (Minecraft) Created: 256x256x0 minecraft:textures/atlas/paintings.png-atlas
[23:46:44] [Render thread/INFO] (Minecraft) Created: 256x128x0 minecraft:textures/atlas/mob_effects.png-atlas
[23:46:50] [Render thread/WARN] (Minecraft) Ambiguity between arguments [teleport, location] and [teleport, destination] with inputs: [0.1 -0.5 .9, 0 0 0]
[23:46:50] [Render thread/WARN] (Minecraft) Ambiguity between arguments [teleport, location] and [teleport, targets] with inputs: [0.1 -0.5 .9, 0 0 0]
[23:46:50] [Render thread/WARN] (Minecraft) Ambiguity between arguments [teleport, destination] and [teleport, targets] with inputs: [Player, 0123, @e, dd12be42-52a9-4a91-a8a1-11c01849e498]
[23:46:50] [Render thread/WARN] (Minecraft) Ambiguity between arguments [teleport, targets] and [teleport, destination] with inputs: [Player, 0123, dd12be42-52a9-4a91-a8a1-11c01849e498]
[23:46:50] [Render thread/WARN] (Minecraft) Ambiguity between arguments [teleport, targets, location] and [teleport, targets, destination] with inputs: [0.1 -0.5 .9, 0 0 0]
[23:46:51] [Render thread/INFO] (Minecraft) Loaded 7 recipes
[23:46:52] [Render thread/INFO] (Minecraft) Loaded 1141 advancements
[23:46:53] [Render thread/INFO] (Minecraft) Environment: authHost='https://authserver.mojang.com', accountsHost='https://api.mojang.com', sessionHost='https://sessionserver.mojang.com', servicesHost='https://api.minecraftservices.com', name='PROD'
[23:46:53] [Render thread/INFO] (BiomeModificationImpl) Applied 0 biome modifications to 0 of 61 new biomes in 4.543 ms
[23:46:54] [Server thread/INFO] (Minecraft) Starting integrated minecraft server version 1.18.2
[23:46:54] [Server thread/INFO] (Minecraft) Generating keypair
[23:46:54] [Server thread/INFO] (Minecraft) [STDOUT]: init emc manager
[23:46:55] [Server thread/INFO] (Minecraft) [STDOUT]: init emc manager
[23:46:55] [Server thread/INFO] (Minecraft) [STDOUT]: init emc manager
[23:46:55] [Server thread/INFO] (Minecraft) Preparing start region for dimension minecraft:overworld
[23:46:56] [Render thread/INFO] (Minecraft) スポーン地点を準備中：0%
[23:46:56] [Render thread/INFO] (Minecraft) スポーン地点を準備中：0%
[23:46:56] [Render thread/INFO] (Minecraft) スポーン地点を準備中：0%
[23:46:56] [Render thread/INFO] (Minecraft) スポーン地点を準備中：0%
[23:46:57] [Render thread/INFO] (Minecraft) スポーン地点を準備中：0%
[23:46:57] [Render thread/INFO] (Minecraft) スポーン地点を準備中：0%
[23:46:58] [Render thread/INFO] (Minecraft) スポーン地点を準備中：0%
[23:46:58] [Render thread/INFO] (Minecraft) スポーン地点を準備中：1%
[23:46:59] [Render thread/INFO] (Minecraft) スポーン地点を準備中：21%
[23:46:59] [Render thread/INFO] (Minecraft) スポーン地点を準備中：72%
[23:47:00] [Render thread/INFO] (Minecraft) Time elapsed: 4935 ms
[23:47:00] [Server thread/INFO] (Minecraft) Changing view distance to 12, from 10
[23:47:00] [Server thread/INFO] (Minecraft) Changing simulation distance to 12, from 0
[23:47:02] [Server thread/INFO] (Minecraft) Player100[local:E:7bee26e5] logged in with entity id 18 at (-8.497749310217882, -60.0, 14.870637636628016)
[23:47:02] [Server thread/INFO] (Minecraft) Player100がゲームに参加しました
[23:47:02] [Server thread/INFO] (Minecraft) Player100が進捗[ダイヤモンド！]を達成しました
[23:47:02] [Render thread/INFO] (Minecraft) [CHAT] Player100が進捗[ダイヤモンド！]を達成しました
[23:47:02] [Render thread/INFO] (Minecraft) Loaded 60 advancements
[23:47:36] [Server thread/INFO] (Minecraft) ［Player100：ゲームモードをサバイバルモードに変更しました］
[23:47:36] [Render thread/INFO] (Minecraft) [CHAT] ゲームモードをサバイバルモードに変更しました
[23:47:50] [Server thread/INFO] (Minecraft) Saving and pausing game...
[23:47:50] [Server thread/INFO] (Minecraft) Saving chunks for level 'ServerLevel[New World]'/minecraft:overworld
[23:47:50] [Server thread/INFO] (Minecraft) Saving chunks for level 'ServerLevel[New World]'/minecraft:the_nether
[23:47:50] [Server thread/INFO] (Minecraft) Saving chunks for level 'ServerLevel[New World]'/minecraft:the_end
[23:47:51] [Server thread/INFO] (Minecraft) Player100 lost connection: 切断されました
[23:47:51] [Server thread/INFO] (Minecraft) Player100がゲームを退出しました
[23:47:51] [Server thread/INFO] (Minecraft) Stopping singleplayer server as player logged out
[23:47:51] [Server thread/INFO] (Minecraft) Stopping server
[23:47:51] [Server thread/INFO] (Minecraft) Saving players
[23:47:51] [Server thread/INFO] (Minecraft) Saving worlds
[23:47:52] [Server thread/INFO] (Minecraft) Saving chunks for level 'ServerLevel[New World]'/minecraft:overworld
[23:47:53] [Server thread/INFO] (Minecraft) Saving chunks for level 'ServerLevel[New World]'/minecraft:the_nether
[23:47:53] [Server thread/INFO] (Minecraft) Saving chunks for level 'ServerLevel[New World]'/minecraft:the_end
[23:47:53] [Server thread/INFO] (Minecraft) ThreadedAnvilChunkStorage (New World (3)): All chunks are saved
[23:47:53] [Server thread/INFO] (Minecraft) ThreadedAnvilChunkStorage (DIM-1): All chunks are saved
[23:47:53] [Server thread/INFO] (Minecraft) ThreadedAnvilChunkStorage (DIM1): All chunks are saved
[23:47:53] [Server thread/INFO] (Minecraft) ThreadedAnvilChunkStorage: All dimensions are saved
[23:47:54] [Render thread/INFO] (Minecraft) Stopping!
